21:28:42 **** Incremental Build of configuration Release for project parallel_merge_sort ****
make all 
Building target: parallel_merge_sort
Invoking: GCC C++ Linker
g++  -o "parallel_merge_sort"  ./main.o   
./main.o: In Funktion `main':
main.c:(.text.startup+0x2d): Nicht definierter Verweis auf `MPI_Init'
main.c:(.text.startup+0x37): Nicht definierter Verweis auf `ompi_mpi_comm_world'
main.c:(.text.startup+0x3c): Nicht definierter Verweis auf `MPI_Comm_rank'
main.c:(.text.startup+0x46): Nicht definierter Verweis auf `ompi_mpi_comm_world'
main.c:(.text.startup+0x4b): Nicht definierter Verweis auf `MPI_Comm_size'
main.c:(.text.startup+0xce): Nicht definierter Verweis auf `ompi_mpi_comm_world'
main.c:(.text.startup+0xd5): Nicht definierter Verweis auf `ompi_mpi_int'
main.c:(.text.startup+0xe7): Nicht definierter Verweis auf `MPI_Bcast'
main.c:(.text.startup+0xff): Nicht definierter Verweis auf `ompi_mpi_int'
main.c:(.text.startup+0x10b): Nicht definierter Verweis auf `ompi_mpi_comm_world'
main.c:(.text.startup+0x12d): Nicht definierter Verweis auf `MPI_Scatter'
main.c:(.text.startup+0x17f): Nicht definierter Verweis auf `ompi_mpi_comm_world'
main.c:(.text.startup+0x187): Nicht definierter Verweis auf `ompi_mpi_int'
main.c:(.text.startup+0x195): Nicht definierter Verweis auf `MPI_Recv'
main.c:(.text.startup+0x1b1): Nicht definierter Verweis auf `ompi_mpi_comm_world'
main.c:(.text.startup+0x1b9): Nicht definierter Verweis auf `ompi_mpi_int'
main.c:(.text.startup+0x1ca): Nicht definierter Verweis auf `MPI_Recv'
main.c:(.text.startup+0x1fe): Nicht definierter Verweis auf `ompi_mpi_comm_world'
main.c:(.text.startup+0x20a): Nicht definierter Verweis auf `ompi_mpi_int'
main.c:(.text.startup+0x214): Nicht definierter Verweis auf `MPI_Send'
main.c:(.text.startup+0x21e): Nicht definierter Verweis auf `ompi_mpi_comm_world'
main.c:(.text.startup+0x228): Nicht definierter Verweis auf `ompi_mpi_int'
main.c:(.text.startup+0x230): Nicht definierter Verweis auf `MPI_Send'
main.c:(.text.startup+0x253): Nicht definierter Verweis auf `MPI_Finalize'
main.c:(.text.startup+0x272): Nicht definierter Verweis auf `ompi_mpi_comm_world'
main.c:(.text.startup+0x279): Nicht definierter Verweis auf `ompi_mpi_int'
main.c:(.text.startup+0x28d): Nicht definierter Verweis auf `MPI_Bcast'
main.c:(.text.startup+0x2a5): Nicht definierter Verweis auf `ompi_mpi_int'
main.c:(.text.startup+0x2b1): Nicht definierter Verweis auf `ompi_mpi_comm_world'
collect2: error: ld returned 1 exit status
make: *** [parallel_merge_sort] Fehler 1

21:28:42 Build Finished (took 55ms)

